<?xml version="1.0" encoding="UTF-8"?>
<!-- Generated by org.testng.reporters.JUnitReportReporter -->
<testsuite hostname="DESKTOP-KHL9E1P" failures="0" tests="6" name="api.test.DDTests" time="11.948" errors="0" timestamp="2023-04-11T11:51:03 IST" skipped="0">
  <testcase classname="api.test.DDTests" name="testMultipleCreateUser" time="1.286"/>
  <system-out/>
  <testcase classname="api.test.DDTests" name="testMultipleCreateUser" time="1.257"/>
  <system-out/>
  <testcase classname="api.test.DDTests" name="testMultipleCreateUser" time="5.761"/>
  <system-out/>
  <testcase classname="api.test.DDTests" name="testDeleteUserByName" time="1.165"/>
  <system-out/>
  <testcase classname="api.test.DDTests" name="testDeleteUserByName" time="1.273"/>
  <system-out/>
  <testcase classname="api.test.DDTests" name="testDeleteUserByName" time="1.206"/>
  <system-out/>
</testsuite> <!-- api.test.DDTests -->
