<?xml version="1.0" encoding="UTF-8"?>
<!-- Generated by org.testng.reporters.JUnitReportReporter -->
<testsuite hostname="DESKTOP-KHL9E1P" failures="0" tests="4" name="api.test.UserTest2" time="9.194" errors="0" timestamp="2023-04-23T15:39:37 IST" skipped="0">
  <testcase classname="api.test.UserTest2" name="testPostUser" time="4.137"/>
  <system-out/>
  <testcase classname="api.test.UserTest2" name="testGetUserByName" time="1.351"/>
  <system-out/>
  <testcase classname="api.test.UserTest2" name="testUpdateUser" time="2.453"/>
  <system-out/>
  <testcase classname="api.test.UserTest2" name="testDeleteUser" time="1.253"/>
  <system-out/>
</testsuite> <!-- api.test.UserTest2 -->
