<?xml version="1.0" encoding="UTF-8"?>
<!-- Generated by org.testng.reporters.JUnitReportReporter -->
<testsuite hostname="DESKTOP-KHL9E1P" failures="0" tests="4" name="api.test.UserTests" time="6.088" errors="0" timestamp="2023-04-23T15:32:33 IST" skipped="0">
  <testcase classname="api.test.UserTests" name="testPostUser" time="1.227"/>
  <system-out/>
  <testcase classname="api.test.UserTests" name="testGetUserByName" time="1.237"/>
  <system-out/>
  <testcase classname="api.test.UserTests" name="testUpdateUser" time="2.420"/>
  <system-out/>
  <testcase classname="api.test.UserTests" name="testDeleteUser" time="1.204"/>
  <system-out/>
</testsuite> <!-- api.test.UserTests -->
