<?xml version="1.0" encoding="UTF-8"?>
<!-- Generated by org.testng.reporters.JUnitReportReporter -->
<testsuite hostname="DESKTOP-KHL9E1P" failures="0" tests="4" name="api.test.UserTest2" time="10.134" errors="0" timestamp="2023-04-23T16:08:19 IST" skipped="0">
  <testcase classname="api.test.UserTest2" name="testPostUser" time="5.232"/>
  <system-out/>
  <testcase classname="api.test.UserTest2" name="testGetUserByName" time="1.299"/>
  <system-out/>
  <testcase classname="api.test.UserTest2" name="testUpdateUser" time="2.379"/>
  <system-out/>
  <testcase classname="api.test.UserTest2" name="testDeleteUser" time="1.224"/>
  <system-out/>
</testsuite> <!-- api.test.UserTest2 -->
